[debug] [2021-02-11T08:35:15.745Z] ----------------------------------------------------------------------
[debug] [2021-02-11T08:35:15.750Z] Command:       C:\Program Files\nodejs\node.exe E:\web-tech\amazon-clone\amazon-clone\node_modules\firebase-tools\lib\bin\firebase.js emulators:start
[debug] [2021-02-11T08:35:15.751Z] CLI Version:   9.1.0
[debug] [2021-02-11T08:35:15.751Z] Platform:      win32
[debug] [2021-02-11T08:35:15.751Z] Node Version:  v12.18.3
[debug] [2021-02-11T08:35:15.752Z] Time:          Thu Feb 11 2021 14:35:15 GMT+0600 (Bangladesh Standard Time)
[debug] [2021-02-11T08:35:15.752Z] ----------------------------------------------------------------------
[debug] [2021-02-11T08:35:15.753Z] 
[debug] [2021-02-11T08:35:15.877Z] > command requires scopes: ["email","openid","https://www.googleapis.com/auth/cloudplatformprojects.readonly","https://www.googleapis.com/auth/firebase","https://www.googleapis.com/auth/cloud-platform"]
[debug] [2021-02-11T08:35:15.878Z] > authorizing via signed-in user
[info] i  emulators: Starting emulators: functions, hosting {"metadata":{"emulator":{"name":"hub"},"message":"Starting emulators: functions, hosting"}}
[debug] [2021-02-11T08:35:17.942Z] [hub] writing locator at C:\Users\MD818A~1.MAH\AppData\Local\Temp\hub-clone-c1fde.json
[warn] !  functions: The following emulators are not running, calls to these services from the Functions emulator will affect production: auth, firestore, database, pubsub {"metadata":{"emulator":{"name":"functions"},"message":"The following emulators are not running, calls to these services from the Functions emulator will affect production: \u001b[1mauth, firestore, database, pubsub\u001b[22m"}}
[info] +  functions: Using node@12 from host. {"metadata":{"emulator":{"name":"functions"},"message":"Using node@12 from host."}}
[debug] [2021-02-11T08:35:20.648Z] defaultcredentials: writing to file C:\Users\Md. Mahidul Islam\AppData\Roaming\firebase\mmbmahidul07_gmail_com_application_default_credentials.json
[debug] [2021-02-11T08:35:20.652Z] Setting GAC to C:\Users\Md. Mahidul Islam\AppData\Roaming\firebase\mmbmahidul07_gmail_com_application_default_credentials.json {"metadata":{"emulator":{"name":"functions"},"message":"Setting GAC to C:\\Users\\Md. Mahidul Islam\\AppData\\Roaming\\firebase\\mmbmahidul07_gmail_com_application_default_credentials.json"}}
[debug] [2021-02-11T08:35:22.701Z] > refreshing access token with scopes: ["email","https://www.googleapis.com/auth/cloud-platform","https://www.googleapis.com/auth/cloudplatformprojects.readonly","https://www.googleapis.com/auth/firebase","openid"]
[debug] [2021-02-11T08:35:22.701Z] >>> HTTP REQUEST POST https://www.googleapis.com/oauth2/v3/token  
 <request body omitted>
[debug] [2021-02-11T08:35:23.083Z] <<< HTTP RESPONSE 200 {"pragma":"no-cache","date":"Thu, 11 Feb 2021 08:35:23 GMT","expires":"Mon, 01 Jan 1990 00:00:00 GMT","cache-control":"no-cache, no-store, max-age=0, must-revalidate","content-type":"application/json; charset=utf-8","vary":"X-Origin, Referer, Origin,Accept-Encoding","server":"scaffolding on HTTPServer2","x-xss-protection":"0","x-frame-options":"SAMEORIGIN","x-content-type-options":"nosniff","alt-svc":"h3-29=\":443\"; ma=2592000,h3-T051=\":443\"; ma=2592000,h3-Q050=\":443\"; ma=2592000,h3-Q046=\":443\"; ma=2592000,h3-Q043=\":443\"; ma=2592000,quic=\":443\"; ma=2592000; v=\"46,43\"","accept-ranges":"none","transfer-encoding":"chunked"}
[debug] [2021-02-11T08:35:25.922Z] >>> HTTP REQUEST GET https://firebase.googleapis.com/v1beta1/projects/clone-c1fde/webApps/-/config  
 
[debug] [2021-02-11T08:35:27.251Z] <<< HTTP RESPONSE 200 {"content-type":"application/json; charset=UTF-8","vary":"X-Origin, Referer, Origin,Accept-Encoding","date":"Thu, 11 Feb 2021 08:35:28 GMT","server":"ESF","cache-control":"private","x-xss-protection":"0","x-frame-options":"SAMEORIGIN","x-content-type-options":"nosniff","alt-svc":"h3-29=\":443\"; ma=2592000,h3-T051=\":443\"; ma=2592000,h3-Q050=\":443\"; ma=2592000,h3-Q046=\":443\"; ma=2592000,h3-Q043=\":443\"; ma=2592000,quic=\":443\"; ma=2592000; v=\"46,43\"","accept-ranges":"none","transfer-encoding":"chunked"}
[info] i  hosting: Serving hosting files from: build {"metadata":{"emulator":{"name":"hosting"},"message":"Serving hosting files from: \u001b[1mbuild\u001b[22m"}}
[info] +  hosting: Local server: http://localhost:5000 {"metadata":{"emulator":{"name":"hosting"},"message":"Local server: \u001b[4m\u001b[1mhttp://localhost:5000\u001b[22m\u001b[24m"}}
[debug] [2021-02-11T08:35:32.794Z] Ignoring unsupported arg: auto_download {"metadata":{"emulator":{"name":"ui"},"message":"Ignoring unsupported arg: auto_download"}}
[debug] [2021-02-11T08:35:32.794Z] Ignoring unsupported arg: port {"metadata":{"emulator":{"name":"ui"},"message":"Ignoring unsupported arg: port"}}
[debug] [2021-02-11T08:35:32.795Z] Starting Emulator UI with command {"binary":"node","args":["C:\\Users\\Md. Mahidul Islam\\.cache\\firebase\\emulators\\ui-v1.4.1\\server.bundle.js"],"optionalArgs":[],"joinArgs":false} {"metadata":{"emulator":{"name":"ui"},"message":"Starting Emulator UI with command {\"binary\":\"node\",\"args\":[\"C:\\\\Users\\\\Md. Mahidul Islam\\\\.cache\\\\firebase\\\\emulators\\\\ui-v1.4.1\\\\server.bundle.js\"],\"optionalArgs\":[],\"joinArgs\":false}"}}
[info] i  ui: Emulator UI logging to ui-debug.log {"metadata":{"emulator":{"name":"ui"},"message":"Emulator UI logging to \u001b[1mui-debug.log\u001b[22m"}}
[debug] [2021-02-11T08:35:33.918Z] Web / API server started at http://localhost:4000
 {"metadata":{"emulator":{"name":"ui"},"message":"Web / API server started at http://localhost:4000\n"}}
[info] i  functions: Watching "E:\web-tech\amazon-clone\amazon-clone\functions" for Cloud Functions... {"metadata":{"emulator":{"name":"functions"},"message":"Watching \"E:\\web-tech\\amazon-clone\\amazon-clone\\functions\" for Cloud Functions..."}}
[debug] [2021-02-11T08:35:34.071Z] [worker-pool] addWorker(~diagnostic~) {"metadata":{"emulator":{"name":"functions"},"message":"[worker-pool] addWorker(~diagnostic~)"}}
[debug] [2021-02-11T08:35:34.071Z] [worker-pool] Adding worker with key ~diagnostic~, total=1 {"metadata":{"emulator":{"name":"functions"},"message":"[worker-pool] Adding worker with key ~diagnostic~, total=1"}}
[debug] [2021-02-11T08:35:34.072Z] [worker-pool] submitWork(triggerId=) {"metadata":{"emulator":{"name":"functions"},"message":"[worker-pool] submitWork(triggerId=)"}}
[debug] [2021-02-11T08:35:34.072Z] [worker-~diagnostic~-b9d9258a-2b7c-4fee-a35d-fc72afa4e60f]: Assigning socketPath: \\?\pipe\E:\web-tech\amazon-clone\amazon-clone\functions\7632 {"metadata":{"emulator":{"name":"functions"},"message":"[worker-~diagnostic~-b9d9258a-2b7c-4fee-a35d-fc72afa4e60f]: Assigning socketPath: \\\\?\\pipe\\E:\\web-tech\\amazon-clone\\amazon-clone\\functions\\7632"}}
[debug] [2021-02-11T08:35:34.073Z] [worker-~diagnostic~-b9d9258a-2b7c-4fee-a35d-fc72afa4e60f]: BUSY {"metadata":{"emulator":{"name":"functions"},"message":"[worker-~diagnostic~-b9d9258a-2b7c-4fee-a35d-fc72afa4e60f]: BUSY"}}
[debug] [2021-02-11T08:35:38.642Z] [runtime-status] [7632] Functions runtime initialized. {"cwd":"E:\\web-tech\\amazon-clone\\amazon-clone\\functions","node_version":"12.18.3"} {"metadata":{"emulator":{"name":"functions"},"message":"[runtime-status] [7632] Functions runtime initialized. {\"cwd\":\"E:\\\\web-tech\\\\amazon-clone\\\\amazon-clone\\\\functions\",\"node_version\":\"12.18.3\"}"}}
[debug] [2021-02-11T08:35:38.643Z] [runtime-status] [7632] Disabled runtime features: undefined {"metadata":{"emulator":{"name":"functions"},"message":"[runtime-status] [7632] Disabled runtime features: undefined"}}
[debug] [2021-02-11T08:35:38.768Z] [runtime-status] [7632] Resolved module firebase-admin {"declared":true,"installed":true,"version":"9.4.2","resolution":"E:\\web-tech\\amazon-clone\\amazon-clone\\functions\\node_modules\\firebase-admin\\lib\\index.js"} {"metadata":{"emulator":{"name":"functions"},"message":"[runtime-status] [7632] Resolved module firebase-admin {\"declared\":true,\"installed\":true,\"version\":\"9.4.2\",\"resolution\":\"E:\\\\web-tech\\\\amazon-clone\\\\amazon-clone\\\\functions\\\\node_modules\\\\firebase-admin\\\\lib\\\\index.js\"}"}}
[debug] [2021-02-11T08:35:38.796Z] [runtime-status] [7632] Resolved module firebase-functions {"declared":true,"installed":true,"version":"3.13.1","resolution":"E:\\web-tech\\amazon-clone\\amazon-clone\\functions\\node_modules\\firebase-functions\\lib\\index.js"} {"metadata":{"emulator":{"name":"functions"},"message":"[runtime-status] [7632] Resolved module firebase-functions {\"declared\":true,\"installed\":true,\"version\":\"3.13.1\",\"resolution\":\"E:\\\\web-tech\\\\amazon-clone\\\\amazon-clone\\\\functions\\\\node_modules\\\\firebase-functions\\\\lib\\\\index.js\"}"}}
[debug] [2021-02-11T08:35:38.798Z] [runtime-status] [7632] Resolved module firebase-functions {"declared":true,"installed":true,"version":"3.13.1","resolution":"E:\\web-tech\\amazon-clone\\amazon-clone\\functions\\node_modules\\firebase-functions\\lib\\index.js"} {"metadata":{"emulator":{"name":"functions"},"message":"[runtime-status] [7632] Resolved module firebase-functions {\"declared\":true,\"installed\":true,\"version\":\"3.13.1\",\"resolution\":\"E:\\\\web-tech\\\\amazon-clone\\\\amazon-clone\\\\functions\\\\node_modules\\\\firebase-functions\\\\lib\\\\index.js\"}"}}
[debug] [2021-02-11T08:35:38.799Z] [runtime-status] [7632] Outgoing network have been stubbed. [{"name":"http","status":"mocked"},{"name":"http","status":"mocked"},{"name":"https","status":"mocked"},{"name":"https","status":"mocked"},{"name":"net","status":"mocked"}] {"metadata":{"emulator":{"name":"functions"},"message":"[runtime-status] [7632] Outgoing network have been stubbed. [{\"name\":\"http\",\"status\":\"mocked\"},{\"name\":\"http\",\"status\":\"mocked\"},{\"name\":\"https\",\"status\":\"mocked\"},{\"name\":\"https\",\"status\":\"mocked\"},{\"name\":\"net\",\"status\":\"mocked\"}]"}}
[debug] [2021-02-11T08:35:38.800Z] [runtime-status] [7632] Resolved module firebase-functions {"declared":true,"installed":true,"version":"3.13.1","resolution":"E:\\web-tech\\amazon-clone\\amazon-clone\\functions\\node_modules\\firebase-functions\\lib\\index.js"} {"metadata":{"emulator":{"name":"functions"},"message":"[runtime-status] [7632] Resolved module firebase-functions {\"declared\":true,\"installed\":true,\"version\":\"3.13.1\",\"resolution\":\"E:\\\\web-tech\\\\amazon-clone\\\\amazon-clone\\\\functions\\\\node_modules\\\\firebase-functions\\\\lib\\\\index.js\"}"}}
[debug] [2021-02-11T08:35:43.112Z] [runtime-status] [7632] Checked functions.config() {"config":{}} {"metadata":{"emulator":{"name":"functions"},"message":"[runtime-status] [7632] Checked functions.config() {\"config\":{}}"}}
[debug] [2021-02-11T08:35:43.112Z] [runtime-status] [7632] firebase-functions has been stubbed. {"functionsResolution":{"declared":true,"installed":true,"version":"3.13.1","resolution":"E:\\web-tech\\amazon-clone\\amazon-clone\\functions\\node_modules\\firebase-functions\\lib\\index.js"}} {"metadata":{"emulator":{"name":"functions"},"message":"[runtime-status] [7632] firebase-functions has been stubbed. {\"functionsResolution\":{\"declared\":true,\"installed\":true,\"version\":\"3.13.1\",\"resolution\":\"E:\\\\web-tech\\\\amazon-clone\\\\amazon-clone\\\\functions\\\\node_modules\\\\firebase-functions\\\\lib\\\\index.js\"}}"}}
[debug] [2021-02-11T08:35:43.113Z] [runtime-status] [7632] Resolved module firebase-functions {"declared":true,"installed":true,"version":"3.13.1","resolution":"E:\\web-tech\\amazon-clone\\amazon-clone\\functions\\node_modules\\firebase-functions\\lib\\index.js"} {"metadata":{"emulator":{"name":"functions"},"message":"[runtime-status] [7632] Resolved module firebase-functions {\"declared\":true,\"installed\":true,\"version\":\"3.13.1\",\"resolution\":\"E:\\\\web-tech\\\\amazon-clone\\\\amazon-clone\\\\functions\\\\node_modules\\\\firebase-functions\\\\lib\\\\index.js\"}"}}
[debug] [2021-02-11T08:35:43.116Z] [runtime-status] [7632] Resolved module firebase-admin {"declared":true,"installed":true,"version":"9.4.2","resolution":"E:\\web-tech\\amazon-clone\\amazon-clone\\functions\\node_modules\\firebase-admin\\lib\\index.js"} {"metadata":{"emulator":{"name":"functions"},"message":"[runtime-status] [7632] Resolved module firebase-admin {\"declared\":true,\"installed\":true,\"version\":\"9.4.2\",\"resolution\":\"E:\\\\web-tech\\\\amazon-clone\\\\amazon-clone\\\\functions\\\\node_modules\\\\firebase-admin\\\\lib\\\\index.js\"}"}}
[debug] [2021-02-11T08:35:43.117Z] [runtime-status] [7632] Resolved module firebase-functions {"declared":true,"installed":true,"version":"3.13.1","resolution":"E:\\web-tech\\amazon-clone\\amazon-clone\\functions\\node_modules\\firebase-functions\\lib\\index.js"} {"metadata":{"emulator":{"name":"functions"},"message":"[runtime-status] [7632] Resolved module firebase-functions {\"declared\":true,\"installed\":true,\"version\":\"3.13.1\",\"resolution\":\"E:\\\\web-tech\\\\amazon-clone\\\\amazon-clone\\\\functions\\\\node_modules\\\\firebase-functions\\\\lib\\\\index.js\"}"}}
[debug] [2021-02-11T08:35:43.118Z] [runtime-status] [7632] firebase-admin has been stubbed. {"adminResolution":{"declared":true,"installed":true,"version":"9.4.2","resolution":"E:\\web-tech\\amazon-clone\\amazon-clone\\functions\\node_modules\\firebase-admin\\lib\\index.js"}} {"metadata":{"emulator":{"name":"functions"},"message":"[runtime-status] [7632] firebase-admin has been stubbed. {\"adminResolution\":{\"declared\":true,\"installed\":true,\"version\":\"9.4.2\",\"resolution\":\"E:\\\\web-tech\\\\amazon-clone\\\\amazon-clone\\\\functions\\\\node_modules\\\\firebase-admin\\\\lib\\\\index.js\"}}"}}
[info] +  functions[api]: http function initialized (http://localhost:5001/clone-c1fde/us-central1/api). {"metadata":{"emulator":{"name":"functions"},"message":"\u001b[1mhttp\u001b[22m function initialized (http://localhost:5001/clone-c1fde/us-central1/api)."}}
[info] 
┌─────────────────────────────────────────────────────────────┐
│ ✔  All emulators ready! It is now safe to connect your app. │
│ i  View Emulator UI at http://localhost:4000                │
└─────────────────────────────────────────────────────────────┘

┌───────────┬────────────────┬─────────────────────────────────┐
│ Emulator  │ Host:Port      │ View in Emulator UI             │
├───────────┼────────────────┼─────────────────────────────────┤
│ Functions │ localhost:5001 │ http://localhost:4000/functions │
├───────────┼────────────────┼─────────────────────────────────┤
│ Hosting   │ localhost:5000 │ n/a                             │
└───────────┴────────────────┴─────────────────────────────────┘
  Emulator Hub running at localhost:4400
  Other reserved ports: 4500

Issues? Report them at https://github.com/firebase/firebase-tools/issues and attach the *-debug.log files.
 
[debug] [2021-02-11T08:35:54.826Z] [worker-~diagnostic~-b9d9258a-2b7c-4fee-a35d-fc72afa4e60f]: IDLE {"metadata":{"emulator":{"name":"functions"},"message":"[worker-~diagnostic~-b9d9258a-2b7c-4fee-a35d-fc72afa4e60f]: IDLE"}}
[debug] [2021-02-11T10:03:01.360Z] [work-queue] {"queueLength":1,"workRunningCount":0}
[debug] [2021-02-11T10:03:01.360Z] [work-queue] {"queueLength":0,"workRunningCount":1}
[debug] [2021-02-11T10:03:01.360Z] Accepted request POST /clone-c1fde/us-central1/api/payments/create?total=3838.0000000000005 --> api
[debug] [2021-02-11T10:03:01.367Z] [worker-pool] addWorker(api) {"metadata":{"emulator":{"name":"functions"},"message":"[worker-pool] addWorker(api)"}}
[debug] [2021-02-11T10:03:01.367Z] [worker-pool] Adding worker with key api, total=1 {"metadata":{"emulator":{"name":"functions"},"message":"[worker-pool] Adding worker with key api, total=1"}}
[debug] [2021-02-11T10:03:01.367Z] [worker-pool] submitWork(triggerId=api) {"metadata":{"emulator":{"name":"functions"},"message":"[worker-pool] submitWork(triggerId=api)"}}
[debug] [2021-02-11T10:03:01.368Z] [worker-api-235de1a7-ac36-4451-8533-e8f54143c739]: Assigning socketPath: \\?\pipe\E:\web-tech\amazon-clone\amazon-clone\functions\12904 {"metadata":{"emulator":{"name":"functions"},"message":"[worker-api-235de1a7-ac36-4451-8533-e8f54143c739]: Assigning socketPath: \\\\?\\pipe\\E:\\web-tech\\amazon-clone\\amazon-clone\\functions\\12904"}}
[debug] [2021-02-11T10:03:01.368Z] [worker-api-235de1a7-ac36-4451-8533-e8f54143c739]: BUSY {"metadata":{"emulator":{"name":"functions"},"message":"[worker-api-235de1a7-ac36-4451-8533-e8f54143c739]: BUSY"}}
[debug] [2021-02-11T10:03:01.833Z] [runtime-status] [12904] Functions runtime initialized. {"cwd":"E:\\web-tech\\amazon-clone\\amazon-clone\\functions","node_version":"12.18.3"} {"metadata":{"emulator":{"name":"functions"},"function":{"name":"api"},"message":"[runtime-status] [12904] Functions runtime initialized. {\"cwd\":\"E:\\\\web-tech\\\\amazon-clone\\\\amazon-clone\\\\functions\",\"node_version\":\"12.18.3\"}"}}
[debug] [2021-02-11T10:03:01.836Z] [runtime-status] [12904] Disabled runtime features: undefined {"metadata":{"emulator":{"name":"functions"},"function":{"name":"api"},"message":"[runtime-status] [12904] Disabled runtime features: undefined"}}
[debug] [2021-02-11T10:03:01.841Z] [runtime-status] [12904] Resolved module firebase-admin {"declared":true,"installed":true,"version":"9.4.2","resolution":"E:\\web-tech\\amazon-clone\\amazon-clone\\functions\\node_modules\\firebase-admin\\lib\\index.js"} {"metadata":{"emulator":{"name":"functions"},"function":{"name":"api"},"message":"[runtime-status] [12904] Resolved module firebase-admin {\"declared\":true,\"installed\":true,\"version\":\"9.4.2\",\"resolution\":\"E:\\\\web-tech\\\\amazon-clone\\\\amazon-clone\\\\functions\\\\node_modules\\\\firebase-admin\\\\lib\\\\index.js\"}"}}
[debug] [2021-02-11T10:03:01.843Z] [runtime-status] [12904] Resolved module firebase-functions {"declared":true,"installed":true,"version":"3.13.1","resolution":"E:\\web-tech\\amazon-clone\\amazon-clone\\functions\\node_modules\\firebase-functions\\lib\\index.js"} {"metadata":{"emulator":{"name":"functions"},"function":{"name":"api"},"message":"[runtime-status] [12904] Resolved module firebase-functions {\"declared\":true,\"installed\":true,\"version\":\"3.13.1\",\"resolution\":\"E:\\\\web-tech\\\\amazon-clone\\\\amazon-clone\\\\functions\\\\node_modules\\\\firebase-functions\\\\lib\\\\index.js\"}"}}
[debug] [2021-02-11T10:03:01.844Z] [runtime-status] [12904] Resolved module firebase-functions {"declared":true,"installed":true,"version":"3.13.1","resolution":"E:\\web-tech\\amazon-clone\\amazon-clone\\functions\\node_modules\\firebase-functions\\lib\\index.js"} {"metadata":{"emulator":{"name":"functions"},"function":{"name":"api"},"message":"[runtime-status] [12904] Resolved module firebase-functions {\"declared\":true,\"installed\":true,\"version\":\"3.13.1\",\"resolution\":\"E:\\\\web-tech\\\\amazon-clone\\\\amazon-clone\\\\functions\\\\node_modules\\\\firebase-functions\\\\lib\\\\index.js\"}"}}
[debug] [2021-02-11T10:03:01.847Z] [runtime-status] [12904] Outgoing network have been stubbed. [{"name":"http","status":"mocked"},{"name":"http","status":"mocked"},{"name":"https","status":"mocked"},{"name":"https","status":"mocked"},{"name":"net","status":"mocked"}] {"metadata":{"emulator":{"name":"functions"},"function":{"name":"api"},"message":"[runtime-status] [12904] Outgoing network have been stubbed. [{\"name\":\"http\",\"status\":\"mocked\"},{\"name\":\"http\",\"status\":\"mocked\"},{\"name\":\"https\",\"status\":\"mocked\"},{\"name\":\"https\",\"status\":\"mocked\"},{\"name\":\"net\",\"status\":\"mocked\"}]"}}
[debug] [2021-02-11T10:03:01.848Z] [runtime-status] [12904] Resolved module firebase-functions {"declared":true,"installed":true,"version":"3.13.1","resolution":"E:\\web-tech\\amazon-clone\\amazon-clone\\functions\\node_modules\\firebase-functions\\lib\\index.js"} {"metadata":{"emulator":{"name":"functions"},"function":{"name":"api"},"message":"[runtime-status] [12904] Resolved module firebase-functions {\"declared\":true,\"installed\":true,\"version\":\"3.13.1\",\"resolution\":\"E:\\\\web-tech\\\\amazon-clone\\\\amazon-clone\\\\functions\\\\node_modules\\\\firebase-functions\\\\lib\\\\index.js\"}"}}
[debug] [2021-02-11T10:03:04.028Z] [runtime-status] [12904] Checked functions.config() {"config":{}} {"metadata":{"emulator":{"name":"functions"},"function":{"name":"api"},"message":"[runtime-status] [12904] Checked functions.config() {\"config\":{}}"}}
[debug] [2021-02-11T10:03:04.028Z] [runtime-status] [12904] firebase-functions has been stubbed. {"functionsResolution":{"declared":true,"installed":true,"version":"3.13.1","resolution":"E:\\web-tech\\amazon-clone\\amazon-clone\\functions\\node_modules\\firebase-functions\\lib\\index.js"}} {"metadata":{"emulator":{"name":"functions"},"function":{"name":"api"},"message":"[runtime-status] [12904] firebase-functions has been stubbed. {\"functionsResolution\":{\"declared\":true,\"installed\":true,\"version\":\"3.13.1\",\"resolution\":\"E:\\\\web-tech\\\\amazon-clone\\\\amazon-clone\\\\functions\\\\node_modules\\\\firebase-functions\\\\lib\\\\index.js\"}}"}}
[debug] [2021-02-11T10:03:04.029Z] [runtime-status] [12904] Resolved module firebase-functions {"declared":true,"installed":true,"version":"3.13.1","resolution":"E:\\web-tech\\amazon-clone\\amazon-clone\\functions\\node_modules\\firebase-functions\\lib\\index.js"} {"metadata":{"emulator":{"name":"functions"},"function":{"name":"api"},"message":"[runtime-status] [12904] Resolved module firebase-functions {\"declared\":true,\"installed\":true,\"version\":\"3.13.1\",\"resolution\":\"E:\\\\web-tech\\\\amazon-clone\\\\amazon-clone\\\\functions\\\\node_modules\\\\firebase-functions\\\\lib\\\\index.js\"}"}}
[debug] [2021-02-11T10:03:04.031Z] [runtime-status] [12904] Resolved module firebase-admin {"declared":true,"installed":true,"version":"9.4.2","resolution":"E:\\web-tech\\amazon-clone\\amazon-clone\\functions\\node_modules\\firebase-admin\\lib\\index.js"} {"metadata":{"emulator":{"name":"functions"},"function":{"name":"api"},"message":"[runtime-status] [12904] Resolved module firebase-admin {\"declared\":true,\"installed\":true,\"version\":\"9.4.2\",\"resolution\":\"E:\\\\web-tech\\\\amazon-clone\\\\amazon-clone\\\\functions\\\\node_modules\\\\firebase-admin\\\\lib\\\\index.js\"}"}}
[debug] [2021-02-11T10:03:04.032Z] [runtime-status] [12904] Resolved module firebase-functions {"declared":true,"installed":true,"version":"3.13.1","resolution":"E:\\web-tech\\amazon-clone\\amazon-clone\\functions\\node_modules\\firebase-functions\\lib\\index.js"} {"metadata":{"emulator":{"name":"functions"},"function":{"name":"api"},"message":"[runtime-status] [12904] Resolved module firebase-functions {\"declared\":true,\"installed\":true,\"version\":\"3.13.1\",\"resolution\":\"E:\\\\web-tech\\\\amazon-clone\\\\amazon-clone\\\\functions\\\\node_modules\\\\firebase-functions\\\\lib\\\\index.js\"}"}}
[debug] [2021-02-11T10:03:04.032Z] [runtime-status] [12904] firebase-admin has been stubbed. {"adminResolution":{"declared":true,"installed":true,"version":"9.4.2","resolution":"E:\\web-tech\\amazon-clone\\amazon-clone\\functions\\node_modules\\firebase-admin\\lib\\index.js"}} {"metadata":{"emulator":{"name":"functions"},"function":{"name":"api"},"message":"[runtime-status] [12904] firebase-admin has been stubbed. {\"adminResolution\":{\"declared\":true,\"installed\":true,\"version\":\"9.4.2\",\"resolution\":\"E:\\\\web-tech\\\\amazon-clone\\\\amazon-clone\\\\functions\\\\node_modules\\\\firebase-admin\\\\lib\\\\index.js\"}}"}}
[debug] [2021-02-11T10:03:08.859Z] [runtime-status] [12904] Trigger "api" has been found, beginning invocation! {"metadata":{"emulator":{"name":"functions"},"function":{"name":"api"},"message":"[runtime-status] [12904] Trigger \"api\" has been found, beginning invocation!"}}
[info] i  functions: Beginning execution of "api" {"metadata":{"emulator":{"name":"functions"},"function":{"name":"api"},"message":"Beginning execution of \"api\""}}
[debug] [2021-02-11T10:03:08.860Z] [runtime-status] [12904] triggerDefinition {"httpsTrigger":{},"name":"api","entryPoint":"api"} {"metadata":{"emulator":{"name":"functions"},"function":{"name":"api"},"message":"[runtime-status] [12904] triggerDefinition {\"httpsTrigger\":{},\"name\":\"api\",\"entryPoint\":\"api\"}"}}
[debug] [2021-02-11T10:03:08.862Z] [runtime-status] [12904] Running api in mode HTTPS {"metadata":{"emulator":{"name":"functions"},"function":{"name":"api"},"message":"[runtime-status] [12904] Running api in mode HTTPS"}}
[debug] [2021-02-11T10:03:09.069Z] [runtime-status] [12904] Attempting to listen to socketPath: \\?\pipe\E:\web-tech\amazon-clone\amazon-clone\functions\12904 {"metadata":{"emulator":{"name":"functions"},"function":{"name":"api"},"message":"[runtime-status] [12904] Attempting to listen to socketPath: \\\\?\\pipe\\E:\\web-tech\\amazon-clone\\amazon-clone\\functions\\12904"}}
[debug] [2021-02-11T10:03:09.174Z] [functions] Runtime ready! Sending request! {"metadata":{"emulator":{"name":"functions"},"message":"[functions] Runtime ready! Sending request!"}}
[debug] [2021-02-11T10:03:09.188Z] [runtime-status] [12904] Ephemeral server handling POST request {"metadata":{"emulator":{"name":"functions"},"function":{"name":"api"},"message":"[runtime-status] [12904] Ephemeral server handling POST request"}}
[info] >  Payment Request Recieved BOOM!!! for this amount >>>  3838.0000000000005 {"user":"Payment Request Recieved BOOM!!! for this amount >>>  3838.0000000000005","metadata":{"emulator":{"name":"functions"},"function":{"name":"api"},"message":"\u001b[90m> \u001b[39m Payment Request Recieved BOOM!!! for this amount >>>  3838.0000000000005"}}
[debug] [2021-02-11T10:03:09.213Z] [runtime-status] [12904] Ephemeral server survived. {"metadata":{"emulator":{"name":"functions"},"function":{"name":"api"},"message":"[runtime-status] [12904] Ephemeral server survived."}}
[info] >  (node:12904) UnhandledPromiseRejectionWarning: Error: Invalid integer: 3838.0000000000005 {"user":"(node:12904) UnhandledPromiseRejectionWarning: Error: Invalid integer: 3838.0000000000005","metadata":{"emulator":{"name":"functions"},"function":{"name":"api"},"message":"\u001b[90m> \u001b[39m (node:12904) UnhandledPromiseRejectionWarning: Error: Invalid integer: 3838.0000000000005"}}
[info] >      at Function.generate (E:\web-tech\amazon-clone\amazon-clone\functions\node_modules\stripe\lib\Error.js:40:16) {"user":"    at Function.generate (E:\\web-tech\\amazon-clone\\amazon-clone\\functions\\node_modules\\stripe\\lib\\Error.js:40:16)","metadata":{"emulator":{"name":"functions"},"function":{"name":"api"},"message":"\u001b[90m> \u001b[39m     at Function.generate (E:\\web-tech\\amazon-clone\\amazon-clone\\functions\\node_modules\\stripe\\lib\\Error.js:40:16)"}}
[info] >      at IncomingMessage.<anonymous> (E:\web-tech\amazon-clone\amazon-clone\functions\node_modules\stripe\lib\StripeResource.js:190:33) {"user":"    at IncomingMessage.<anonymous> (E:\\web-tech\\amazon-clone\\amazon-clone\\functions\\node_modules\\stripe\\lib\\StripeResource.js:190:33)","metadata":{"emulator":{"name":"functions"},"function":{"name":"api"},"message":"\u001b[90m> \u001b[39m     at IncomingMessage.<anonymous> (E:\\web-tech\\amazon-clone\\amazon-clone\\functions\\node_modules\\stripe\\lib\\StripeResource.js:190:33)"}}
[info] >      at Object.onceWrapper (events.js:421:28) {"user":"    at Object.onceWrapper (events.js:421:28)","metadata":{"emulator":{"name":"functions"},"function":{"name":"api"},"message":"\u001b[90m> \u001b[39m     at Object.onceWrapper (events.js:421:28)"}}
[info] >      at IncomingMessage.emit (events.js:327:22) {"user":"    at IncomingMessage.emit (events.js:327:22)","metadata":{"emulator":{"name":"functions"},"function":{"name":"api"},"message":"\u001b[90m> \u001b[39m     at IncomingMessage.emit (events.js:327:22)"}}
[info] >      at endReadableNT (_stream_readable.js:1220:12) {"user":"    at endReadableNT (_stream_readable.js:1220:12)","metadata":{"emulator":{"name":"functions"},"function":{"name":"api"},"message":"\u001b[90m> \u001b[39m     at endReadableNT (_stream_readable.js:1220:12)"}}
[info] >      at processTicksAndRejections (internal/process/task_queues.js:84:21) {"user":"    at processTicksAndRejections (internal/process/task_queues.js:84:21)","metadata":{"emulator":{"name":"functions"},"function":{"name":"api"},"message":"\u001b[90m> \u001b[39m     at processTicksAndRejections (internal/process/task_queues.js:84:21)"}}
[info] >  (node:12904) UnhandledPromiseRejectionWarning: Unhandled promise rejection. This error originated either by throwing inside of an async function without a catch block, or by rejecting a promise which was not handled with .catch(). To terminate the node process on unhandled promise rejection, use the CLI flag `--unhandled-rejections=strict` (see https://nodejs.org/api/cli.html#cli_unhandled_rejections_mode). (rejection id: 1) {"user":"(node:12904) UnhandledPromiseRejectionWarning: Unhandled promise rejection. This error originated either by throwing inside of an async function without a catch block, or by rejecting a promise which was not handled with .catch(). To terminate the node process on unhandled promise rejection, use the CLI flag `--unhandled-rejections=strict` (see https://nodejs.org/api/cli.html#cli_unhandled_rejections_mode). (rejection id: 1)","metadata":{"emulator":{"name":"functions"},"function":{"name":"api"},"message":"\u001b[90m> \u001b[39m (node:12904) UnhandledPromiseRejectionWarning: Unhandled promise rejection. This error originated either by throwing inside of an async function without a catch block, or by rejecting a promise which was not handled with .catch(). To terminate the node process on unhandled promise rejection, use the CLI flag `--unhandled-rejections=strict` (see https://nodejs.org/api/cli.html#cli_unhandled_rejections_mode). (rejection id: 1)"}}
[info] >  (node:12904) [DEP0018] DeprecationWarning: Unhandled promise rejections are deprecated. In the future, promise rejections that are not handled will terminate the Node.js process with a non-zero exit code. {"user":"(node:12904) [DEP0018] DeprecationWarning: Unhandled promise rejections are deprecated. In the future, promise rejections that are not handled will terminate the Node.js process with a non-zero exit code.","metadata":{"emulator":{"name":"functions"},"function":{"name":"api"},"message":"\u001b[90m> \u001b[39m (node:12904) [DEP0018] DeprecationWarning: Unhandled promise rejections are deprecated. In the future, promise rejections that are not handled will terminate the Node.js process with a non-zero exit code."}}
[warn] !  functions: Your function timed out after ~60s. To configure this timeout, see
      https://firebase.google.com/docs/functions/manage-functions#set_timeout_and_memory_allocation. {"metadata":{"emulator":{"name":"functions"},"function":{"name":"api"},"message":"Your function timed out after ~60s. To configure this timeout, see\n      https://firebase.google.com/docs/functions/manage-functions#set_timeout_and_memory_allocation."}}
[info] >  E:\web-tech\amazon-clone\amazon-clone\node_modules\firebase-tools\lib\emulator\functionsEmulatorRuntime.js:638 {"user":"E:\\web-tech\\amazon-clone\\amazon-clone\\node_modules\\firebase-tools\\lib\\emulator\\functionsEmulatorRuntime.js:638\r","metadata":{"emulator":{"name":"functions"},"function":{"name":"api"},"message":"\u001b[90m> \u001b[39m E:\\web-tech\\amazon-clone\\amazon-clone\\node_modules\\firebase-tools\\lib\\emulator\\functionsEmulatorRuntime.js:638\r"}}
[info] >              throw new Error("Function timed out."); {"user":"            throw new Error(\"Function timed out.\");\r","metadata":{"emulator":{"name":"functions"},"function":{"name":"api"},"message":"\u001b[90m> \u001b[39m             throw new Error(\"Function timed out.\");\r"}}
[info] >              ^ {"user":"            ^\r","metadata":{"emulator":{"name":"functions"},"function":{"name":"api"},"message":"\u001b[90m> \u001b[39m             ^\r"}}
[info] >   {"user":"\r","metadata":{"emulator":{"name":"functions"},"function":{"name":"api"},"message":"\u001b[90m> \u001b[39m \r"}}
[info] >  Error: Function timed out. {"user":"Error: Function timed out.\r","metadata":{"emulator":{"name":"functions"},"function":{"name":"api"},"message":"\u001b[90m> \u001b[39m Error: Function timed out.\r"}}
[info] >      at Timeout._onTimeout (E:\web-tech\amazon-clone\amazon-clone\node_modules\firebase-tools\lib\emulator\functionsEmulatorRuntime.js:638:19) {"user":"    at Timeout._onTimeout (E:\\web-tech\\amazon-clone\\amazon-clone\\node_modules\\firebase-tools\\lib\\emulator\\functionsEmulatorRuntime.js:638:19)\r","metadata":{"emulator":{"name":"functions"},"function":{"name":"api"},"message":"\u001b[90m> \u001b[39m     at Timeout._onTimeout (E:\\web-tech\\amazon-clone\\amazon-clone\\node_modules\\firebase-tools\\lib\\emulator\\functionsEmulatorRuntime.js:638:19)\r"}}
[info] >      at listOnTimeout (internal/timers.js:549:17) {"user":"    at listOnTimeout (internal/timers.js:549:17)\r","metadata":{"emulator":{"name":"functions"},"function":{"name":"api"},"message":"\u001b[90m> \u001b[39m     at listOnTimeout (internal/timers.js:549:17)\r"}}
[info] >      at processTimers (internal/timers.js:492:7) {"user":"    at processTimers (internal/timers.js:492:7)\r","metadata":{"emulator":{"name":"functions"},"function":{"name":"api"},"message":"\u001b[90m> \u001b[39m     at processTimers (internal/timers.js:492:7)\r"}}
[debug] [2021-02-11T10:04:09.770Z] [worker-api-235de1a7-ac36-4451-8533-e8f54143c739]: exited {"metadata":{"emulator":{"name":"functions"},"message":"[worker-api-235de1a7-ac36-4451-8533-e8f54143c739]: exited"}}
[debug] [2021-02-11T10:04:09.770Z] [worker-api-235de1a7-ac36-4451-8533-e8f54143c739]: FINISHED {"metadata":{"emulator":{"name":"functions"},"message":"[worker-api-235de1a7-ac36-4451-8533-e8f54143c739]: FINISHED"}}
[debug] [2021-02-11T10:04:09.771Z] [work-queue] {"queueLength":0,"workRunningCount":0}
[debug] [2021-02-11T10:19:05.624Z] [work-queue] {"queueLength":1,"workRunningCount":0}
[debug] [2021-02-11T10:19:05.625Z] [work-queue] {"queueLength":0,"workRunningCount":1}
[debug] [2021-02-11T10:19:05.625Z] Accepted request POST /clone-c1fde/us-central1/api/payments/create?total=47956 --> api
[debug] [2021-02-11T10:19:05.625Z] [worker-pool] Cleaned up workers for api: 1 --> 0 {"metadata":{"emulator":{"name":"functions"},"message":"[worker-pool] Cleaned up workers for api: 1 --> 0"}}
[debug] [2021-02-11T10:19:05.699Z] [worker-pool] addWorker(api) {"metadata":{"emulator":{"name":"functions"},"message":"[worker-pool] addWorker(api)"}}
[debug] [2021-02-11T10:19:05.699Z] [worker-pool] Adding worker with key api, total=1 {"metadata":{"emulator":{"name":"functions"},"message":"[worker-pool] Adding worker with key api, total=1"}}
[debug] [2021-02-11T10:19:05.700Z] [worker-pool] submitWork(triggerId=api) {"metadata":{"emulator":{"name":"functions"},"message":"[worker-pool] submitWork(triggerId=api)"}}
[debug] [2021-02-11T10:19:05.700Z] [worker-api-a3fd2a74-e70b-495f-84fb-9e08692bf7c4]: Assigning socketPath: \\?\pipe\E:\web-tech\amazon-clone\amazon-clone\functions\9184 {"metadata":{"emulator":{"name":"functions"},"message":"[worker-api-a3fd2a74-e70b-495f-84fb-9e08692bf7c4]: Assigning socketPath: \\\\?\\pipe\\E:\\web-tech\\amazon-clone\\amazon-clone\\functions\\9184"}}
[debug] [2021-02-11T10:19:05.700Z] [worker-api-a3fd2a74-e70b-495f-84fb-9e08692bf7c4]: BUSY {"metadata":{"emulator":{"name":"functions"},"message":"[worker-api-a3fd2a74-e70b-495f-84fb-9e08692bf7c4]: BUSY"}}
[debug] [2021-02-11T10:19:10.588Z] [runtime-status] [9184] Functions runtime initialized. {"cwd":"E:\\web-tech\\amazon-clone\\amazon-clone\\functions","node_version":"12.18.3"} {"metadata":{"emulator":{"name":"functions"},"function":{"name":"api"},"message":"[runtime-status] [9184] Functions runtime initialized. {\"cwd\":\"E:\\\\web-tech\\\\amazon-clone\\\\amazon-clone\\\\functions\",\"node_version\":\"12.18.3\"}"}}
[debug] [2021-02-11T10:19:10.588Z] [runtime-status] [9184] Disabled runtime features: undefined {"metadata":{"emulator":{"name":"functions"},"function":{"name":"api"},"message":"[runtime-status] [9184] Disabled runtime features: undefined"}}
[debug] [2021-02-11T10:19:10.708Z] [runtime-status] [9184] Resolved module firebase-admin {"declared":true,"installed":true,"version":"9.4.2","resolution":"E:\\web-tech\\amazon-clone\\amazon-clone\\functions\\node_modules\\firebase-admin\\lib\\index.js"} {"metadata":{"emulator":{"name":"functions"},"function":{"name":"api"},"message":"[runtime-status] [9184] Resolved module firebase-admin {\"declared\":true,\"installed\":true,\"version\":\"9.4.2\",\"resolution\":\"E:\\\\web-tech\\\\amazon-clone\\\\amazon-clone\\\\functions\\\\node_modules\\\\firebase-admin\\\\lib\\\\index.js\"}"}}
[debug] [2021-02-11T10:19:10.810Z] [runtime-status] [9184] Resolved module firebase-functions {"declared":true,"installed":true,"version":"3.13.1","resolution":"E:\\web-tech\\amazon-clone\\amazon-clone\\functions\\node_modules\\firebase-functions\\lib\\index.js"} {"metadata":{"emulator":{"name":"functions"},"function":{"name":"api"},"message":"[runtime-status] [9184] Resolved module firebase-functions {\"declared\":true,\"installed\":true,\"version\":\"3.13.1\",\"resolution\":\"E:\\\\web-tech\\\\amazon-clone\\\\amazon-clone\\\\functions\\\\node_modules\\\\firebase-functions\\\\lib\\\\index.js\"}"}}
[debug] [2021-02-11T10:19:10.812Z] [runtime-status] [9184] Resolved module firebase-functions {"declared":true,"installed":true,"version":"3.13.1","resolution":"E:\\web-tech\\amazon-clone\\amazon-clone\\functions\\node_modules\\firebase-functions\\lib\\index.js"} {"metadata":{"emulator":{"name":"functions"},"function":{"name":"api"},"message":"[runtime-status] [9184] Resolved module firebase-functions {\"declared\":true,\"installed\":true,\"version\":\"3.13.1\",\"resolution\":\"E:\\\\web-tech\\\\amazon-clone\\\\amazon-clone\\\\functions\\\\node_modules\\\\firebase-functions\\\\lib\\\\index.js\"}"}}
[debug] [2021-02-11T10:19:10.814Z] [runtime-status] [9184] Outgoing network have been stubbed. [{"name":"http","status":"mocked"},{"name":"http","status":"mocked"},{"name":"https","status":"mocked"},{"name":"https","status":"mocked"},{"name":"net","status":"mocked"}] {"metadata":{"emulator":{"name":"functions"},"function":{"name":"api"},"message":"[runtime-status] [9184] Outgoing network have been stubbed. [{\"name\":\"http\",\"status\":\"mocked\"},{\"name\":\"http\",\"status\":\"mocked\"},{\"name\":\"https\",\"status\":\"mocked\"},{\"name\":\"https\",\"status\":\"mocked\"},{\"name\":\"net\",\"status\":\"mocked\"}]"}}
[debug] [2021-02-11T10:19:10.816Z] [runtime-status] [9184] Resolved module firebase-functions {"declared":true,"installed":true,"version":"3.13.1","resolution":"E:\\web-tech\\amazon-clone\\amazon-clone\\functions\\node_modules\\firebase-functions\\lib\\index.js"} {"metadata":{"emulator":{"name":"functions"},"function":{"name":"api"},"message":"[runtime-status] [9184] Resolved module firebase-functions {\"declared\":true,\"installed\":true,\"version\":\"3.13.1\",\"resolution\":\"E:\\\\web-tech\\\\amazon-clone\\\\amazon-clone\\\\functions\\\\node_modules\\\\firebase-functions\\\\lib\\\\index.js\"}"}}
[debug] [2021-02-11T10:19:13.688Z] [runtime-status] [9184] Checked functions.config() {"config":{}} {"metadata":{"emulator":{"name":"functions"},"function":{"name":"api"},"message":"[runtime-status] [9184] Checked functions.config() {\"config\":{}}"}}
[debug] [2021-02-11T10:19:13.688Z] [runtime-status] [9184] firebase-functions has been stubbed. {"functionsResolution":{"declared":true,"installed":true,"version":"3.13.1","resolution":"E:\\web-tech\\amazon-clone\\amazon-clone\\functions\\node_modules\\firebase-functions\\lib\\index.js"}} {"metadata":{"emulator":{"name":"functions"},"function":{"name":"api"},"message":"[runtime-status] [9184] firebase-functions has been stubbed. {\"functionsResolution\":{\"declared\":true,\"installed\":true,\"version\":\"3.13.1\",\"resolution\":\"E:\\\\web-tech\\\\amazon-clone\\\\amazon-clone\\\\functions\\\\node_modules\\\\firebase-functions\\\\lib\\\\index.js\"}}"}}
[debug] [2021-02-11T10:19:13.689Z] [runtime-status] [9184] Resolved module firebase-functions {"declared":true,"installed":true,"version":"3.13.1","resolution":"E:\\web-tech\\amazon-clone\\amazon-clone\\functions\\node_modules\\firebase-functions\\lib\\index.js"} {"metadata":{"emulator":{"name":"functions"},"function":{"name":"api"},"message":"[runtime-status] [9184] Resolved module firebase-functions {\"declared\":true,\"installed\":true,\"version\":\"3.13.1\",\"resolution\":\"E:\\\\web-tech\\\\amazon-clone\\\\amazon-clone\\\\functions\\\\node_modules\\\\firebase-functions\\\\lib\\\\index.js\"}"}}
[debug] [2021-02-11T10:19:13.691Z] [runtime-status] [9184] Resolved module firebase-admin {"declared":true,"installed":true,"version":"9.4.2","resolution":"E:\\web-tech\\amazon-clone\\amazon-clone\\functions\\node_modules\\firebase-admin\\lib\\index.js"} {"metadata":{"emulator":{"name":"functions"},"function":{"name":"api"},"message":"[runtime-status] [9184] Resolved module firebase-admin {\"declared\":true,\"installed\":true,\"version\":\"9.4.2\",\"resolution\":\"E:\\\\web-tech\\\\amazon-clone\\\\amazon-clone\\\\functions\\\\node_modules\\\\firebase-admin\\\\lib\\\\index.js\"}"}}
[debug] [2021-02-11T10:19:13.691Z] [runtime-status] [9184] Resolved module firebase-functions {"declared":true,"installed":true,"version":"3.13.1","resolution":"E:\\web-tech\\amazon-clone\\amazon-clone\\functions\\node_modules\\firebase-functions\\lib\\index.js"} {"metadata":{"emulator":{"name":"functions"},"function":{"name":"api"},"message":"[runtime-status] [9184] Resolved module firebase-functions {\"declared\":true,\"installed\":true,\"version\":\"3.13.1\",\"resolution\":\"E:\\\\web-tech\\\\amazon-clone\\\\amazon-clone\\\\functions\\\\node_modules\\\\firebase-functions\\\\lib\\\\index.js\"}"}}
[debug] [2021-02-11T10:19:13.692Z] [runtime-status] [9184] firebase-admin has been stubbed. {"adminResolution":{"declared":true,"installed":true,"version":"9.4.2","resolution":"E:\\web-tech\\amazon-clone\\amazon-clone\\functions\\node_modules\\firebase-admin\\lib\\index.js"}} {"metadata":{"emulator":{"name":"functions"},"function":{"name":"api"},"message":"[runtime-status] [9184] firebase-admin has been stubbed. {\"adminResolution\":{\"declared\":true,\"installed\":true,\"version\":\"9.4.2\",\"resolution\":\"E:\\\\web-tech\\\\amazon-clone\\\\amazon-clone\\\\functions\\\\node_modules\\\\firebase-admin\\\\lib\\\\index.js\"}}"}}
[debug] [2021-02-11T10:19:17.959Z] [runtime-status] [9184] Trigger "api" has been found, beginning invocation! {"metadata":{"emulator":{"name":"functions"},"function":{"name":"api"},"message":"[runtime-status] [9184] Trigger \"api\" has been found, beginning invocation!"}}
[info] i  functions: Beginning execution of "api" {"metadata":{"emulator":{"name":"functions"},"function":{"name":"api"},"message":"Beginning execution of \"api\""}}
[debug] [2021-02-11T10:19:17.960Z] [runtime-status] [9184] triggerDefinition {"httpsTrigger":{},"name":"api","entryPoint":"api"} {"metadata":{"emulator":{"name":"functions"},"function":{"name":"api"},"message":"[runtime-status] [9184] triggerDefinition {\"httpsTrigger\":{},\"name\":\"api\",\"entryPoint\":\"api\"}"}}
[debug] [2021-02-11T10:19:17.961Z] [runtime-status] [9184] Running api in mode HTTPS {"metadata":{"emulator":{"name":"functions"},"function":{"name":"api"},"message":"[runtime-status] [9184] Running api in mode HTTPS"}}
[debug] [2021-02-11T10:19:18.443Z] [runtime-status] [9184] Attempting to listen to socketPath: \\?\pipe\E:\web-tech\amazon-clone\amazon-clone\functions\9184 {"metadata":{"emulator":{"name":"functions"},"function":{"name":"api"},"message":"[runtime-status] [9184] Attempting to listen to socketPath: \\\\?\\pipe\\E:\\web-tech\\amazon-clone\\amazon-clone\\functions\\9184"}}
[debug] [2021-02-11T10:19:18.482Z] [functions] Runtime ready! Sending request! {"metadata":{"emulator":{"name":"functions"},"message":"[functions] Runtime ready! Sending request!"}}
[debug] [2021-02-11T10:19:18.493Z] [runtime-status] [9184] Ephemeral server handling POST request {"metadata":{"emulator":{"name":"functions"},"function":{"name":"api"},"message":"[runtime-status] [9184] Ephemeral server handling POST request"}}
[info] >  Payment Request Recieved BOOM!!! for this amount >>>  47956 {"user":"Payment Request Recieved BOOM!!! for this amount >>>  47956","metadata":{"emulator":{"name":"functions"},"function":{"name":"api"},"message":"\u001b[90m> \u001b[39m Payment Request Recieved BOOM!!! for this amount >>>  47956"}}
[debug] [2021-02-11T10:19:18.648Z] [runtime-status] [9184] Ephemeral server survived. {"metadata":{"emulator":{"name":"functions"},"function":{"name":"api"},"message":"[runtime-status] [9184] Ephemeral server survived."}}
[info] i  functions: Finished "api" in ~2s {"metadata":{"emulator":{"name":"functions"},"function":{"name":"api"},"message":"Finished \"api\" in ~2s"}}
[debug] [2021-02-11T10:19:19.978Z] [worker-api-a3fd2a74-e70b-495f-84fb-9e08692bf7c4]: IDLE {"metadata":{"emulator":{"name":"functions"},"message":"[worker-api-a3fd2a74-e70b-495f-84fb-9e08692bf7c4]: IDLE"}}
[debug] [2021-02-11T10:19:19.978Z] [work-queue] {"queueLength":0,"workRunningCount":0}
[debug] [2021-02-11T10:19:27.709Z] [work-queue] {"queueLength":1,"workRunningCount":0}
[debug] [2021-02-11T10:19:27.709Z] [work-queue] {"queueLength":0,"workRunningCount":1}
[debug] [2021-02-11T10:19:27.710Z] Accepted request POST /clone-c1fde/us-central1/api/payments/create?total=0 --> api
[debug] [2021-02-11T10:19:27.710Z] [worker-pool] submitWork(triggerId=api) {"metadata":{"emulator":{"name":"functions"},"message":"[worker-pool] submitWork(triggerId=api)"}}
[debug] [2021-02-11T10:19:27.710Z] [worker-api-a3fd2a74-e70b-495f-84fb-9e08692bf7c4]: Assigning socketPath: \\?\pipe\E:\web-tech\amazon-clone\amazon-clone\functions\9184 {"metadata":{"emulator":{"name":"functions"},"message":"[worker-api-a3fd2a74-e70b-495f-84fb-9e08692bf7c4]: Assigning socketPath: \\\\?\\pipe\\E:\\web-tech\\amazon-clone\\amazon-clone\\functions\\9184"}}
[debug] [2021-02-11T10:19:27.710Z] [worker-api-a3fd2a74-e70b-495f-84fb-9e08692bf7c4]: BUSY {"metadata":{"emulator":{"name":"functions"},"message":"[worker-api-a3fd2a74-e70b-495f-84fb-9e08692bf7c4]: BUSY"}}
[debug] [2021-02-11T10:19:27.711Z] [runtime-status] [9184] Trigger "api" has been found, beginning invocation! {"metadata":{"emulator":{"name":"functions"},"function":{"name":"api"},"message":"[runtime-status] [9184] Trigger \"api\" has been found, beginning invocation!"}}
[info] i  functions: Beginning execution of "api" {"metadata":{"emulator":{"name":"functions"},"function":{"name":"api"},"message":"Beginning execution of \"api\""}}
[debug] [2021-02-11T10:19:27.713Z] [runtime-status] [9184] triggerDefinition {"httpsTrigger":{},"name":"api","entryPoint":"api"} {"metadata":{"emulator":{"name":"functions"},"function":{"name":"api"},"message":"[runtime-status] [9184] triggerDefinition {\"httpsTrigger\":{},\"name\":\"api\",\"entryPoint\":\"api\"}"}}
[debug] [2021-02-11T10:19:27.713Z] [runtime-status] [9184] Running api in mode HTTPS {"metadata":{"emulator":{"name":"functions"},"function":{"name":"api"},"message":"[runtime-status] [9184] Running api in mode HTTPS"}}
[debug] [2021-02-11T10:19:27.714Z] [runtime-status] [9184] Attempting to listen to socketPath: \\?\pipe\E:\web-tech\amazon-clone\amazon-clone\functions\9184 {"metadata":{"emulator":{"name":"functions"},"function":{"name":"api"},"message":"[runtime-status] [9184] Attempting to listen to socketPath: \\\\?\\pipe\\E:\\web-tech\\amazon-clone\\amazon-clone\\functions\\9184"}}
[debug] [2021-02-11T10:19:27.715Z] [functions] Runtime ready! Sending request! {"metadata":{"emulator":{"name":"functions"},"message":"[functions] Runtime ready! Sending request!"}}
[debug] [2021-02-11T10:19:27.720Z] [runtime-status] [9184] Ephemeral server handling POST request {"metadata":{"emulator":{"name":"functions"},"function":{"name":"api"},"message":"[runtime-status] [9184] Ephemeral server handling POST request"}}
[info] >  Payment Request Recieved BOOM!!! for this amount >>>  0 {"user":"Payment Request Recieved BOOM!!! for this amount >>>  0","metadata":{"emulator":{"name":"functions"},"function":{"name":"api"},"message":"\u001b[90m> \u001b[39m Payment Request Recieved BOOM!!! for this amount >>>  0"}}
[debug] [2021-02-11T10:19:27.723Z] [runtime-status] [9184] Ephemeral server survived. {"metadata":{"emulator":{"name":"functions"},"function":{"name":"api"},"message":"[runtime-status] [9184] Ephemeral server survived."}}
[info] >  (node:9184) UnhandledPromiseRejectionWarning: Error: This value must be greater than or equal to 1. {"user":"(node:9184) UnhandledPromiseRejectionWarning: Error: This value must be greater than or equal to 1.","metadata":{"emulator":{"name":"functions"},"function":{"name":"api"},"message":"\u001b[90m> \u001b[39m (node:9184) UnhandledPromiseRejectionWarning: Error: This value must be greater than or equal to 1."}}
[info] >      at Function.generate (E:\web-tech\amazon-clone\amazon-clone\functions\node_modules\stripe\lib\Error.js:40:16) {"user":"    at Function.generate (E:\\web-tech\\amazon-clone\\amazon-clone\\functions\\node_modules\\stripe\\lib\\Error.js:40:16)","metadata":{"emulator":{"name":"functions"},"function":{"name":"api"},"message":"\u001b[90m> \u001b[39m     at Function.generate (E:\\web-tech\\amazon-clone\\amazon-clone\\functions\\node_modules\\stripe\\lib\\Error.js:40:16)"}}
[info] >      at IncomingMessage.<anonymous> (E:\web-tech\amazon-clone\amazon-clone\functions\node_modules\stripe\lib\StripeResource.js:190:33) {"user":"    at IncomingMessage.<anonymous> (E:\\web-tech\\amazon-clone\\amazon-clone\\functions\\node_modules\\stripe\\lib\\StripeResource.js:190:33)","metadata":{"emulator":{"name":"functions"},"function":{"name":"api"},"message":"\u001b[90m> \u001b[39m     at IncomingMessage.<anonymous> (E:\\web-tech\\amazon-clone\\amazon-clone\\functions\\node_modules\\stripe\\lib\\StripeResource.js:190:33)"}}
[info] >      at Object.onceWrapper (events.js:421:28) {"user":"    at Object.onceWrapper (events.js:421:28)","metadata":{"emulator":{"name":"functions"},"function":{"name":"api"},"message":"\u001b[90m> \u001b[39m     at Object.onceWrapper (events.js:421:28)"}}
[info] >      at IncomingMessage.emit (events.js:327:22) {"user":"    at IncomingMessage.emit (events.js:327:22)","metadata":{"emulator":{"name":"functions"},"function":{"name":"api"},"message":"\u001b[90m> \u001b[39m     at IncomingMessage.emit (events.js:327:22)"}}
[info] >      at endReadableNT (_stream_readable.js:1220:12) {"user":"    at endReadableNT (_stream_readable.js:1220:12)","metadata":{"emulator":{"name":"functions"},"function":{"name":"api"},"message":"\u001b[90m> \u001b[39m     at endReadableNT (_stream_readable.js:1220:12)"}}
[info] >      at processTicksAndRejections (internal/process/task_queues.js:84:21) {"user":"    at processTicksAndRejections (internal/process/task_queues.js:84:21)","metadata":{"emulator":{"name":"functions"},"function":{"name":"api"},"message":"\u001b[90m> \u001b[39m     at processTicksAndRejections (internal/process/task_queues.js:84:21)"}}
[info] >  (node:9184) UnhandledPromiseRejectionWarning: Unhandled promise rejection. This error originated either by throwing inside of an async function without a catch block, or by rejecting a promise which was not handled with .catch(). To terminate the node process on unhandled promise rejection, use the CLI flag `--unhandled-rejections=strict` (see https://nodejs.org/api/cli.html#cli_unhandled_rejections_mode). (rejection id: 1) {"user":"(node:9184) UnhandledPromiseRejectionWarning: Unhandled promise rejection. This error originated either by throwing inside of an async function without a catch block, or by rejecting a promise which was not handled with .catch(). To terminate the node process on unhandled promise rejection, use the CLI flag `--unhandled-rejections=strict` (see https://nodejs.org/api/cli.html#cli_unhandled_rejections_mode). (rejection id: 1)","metadata":{"emulator":{"name":"functions"},"function":{"name":"api"},"message":"\u001b[90m> \u001b[39m (node:9184) UnhandledPromiseRejectionWarning: Unhandled promise rejection. This error originated either by throwing inside of an async function without a catch block, or by rejecting a promise which was not handled with .catch(). To terminate the node process on unhandled promise rejection, use the CLI flag `--unhandled-rejections=strict` (see https://nodejs.org/api/cli.html#cli_unhandled_rejections_mode). (rejection id: 1)"}}
[info] >  (node:9184) [DEP0018] DeprecationWarning: Unhandled promise rejections are deprecated. In the future, promise rejections that are not handled will terminate the Node.js process with a non-zero exit code. {"user":"(node:9184) [DEP0018] DeprecationWarning: Unhandled promise rejections are deprecated. In the future, promise rejections that are not handled will terminate the Node.js process with a non-zero exit code.","metadata":{"emulator":{"name":"functions"},"function":{"name":"api"},"message":"\u001b[90m> \u001b[39m (node:9184) [DEP0018] DeprecationWarning: Unhandled promise rejections are deprecated. In the future, promise rejections that are not handled will terminate the Node.js process with a non-zero exit code."}}
[warn] !  functions: Your function timed out after ~60s. To configure this timeout, see
      https://firebase.google.com/docs/functions/manage-functions#set_timeout_and_memory_allocation. {"metadata":{"emulator":{"name":"functions"},"function":{"name":"api"},"message":"Your function timed out after ~60s. To configure this timeout, see\n      https://firebase.google.com/docs/functions/manage-functions#set_timeout_and_memory_allocation."}}
[info] >  E:\web-tech\amazon-clone\amazon-clone\node_modules\firebase-tools\lib\emulator\functionsEmulatorRuntime.js:638 {"user":"E:\\web-tech\\amazon-clone\\amazon-clone\\node_modules\\firebase-tools\\lib\\emulator\\functionsEmulatorRuntime.js:638\r","metadata":{"emulator":{"name":"functions"},"function":{"name":"api"},"message":"\u001b[90m> \u001b[39m E:\\web-tech\\amazon-clone\\amazon-clone\\node_modules\\firebase-tools\\lib\\emulator\\functionsEmulatorRuntime.js:638\r"}}
[info] >              throw new Error("Function timed out."); {"user":"            throw new Error(\"Function timed out.\");\r","metadata":{"emulator":{"name":"functions"},"function":{"name":"api"},"message":"\u001b[90m> \u001b[39m             throw new Error(\"Function timed out.\");\r"}}
[info] >              ^ {"user":"            ^\r","metadata":{"emulator":{"name":"functions"},"function":{"name":"api"},"message":"\u001b[90m> \u001b[39m             ^\r"}}
[info] >   {"user":"\r","metadata":{"emulator":{"name":"functions"},"function":{"name":"api"},"message":"\u001b[90m> \u001b[39m \r"}}
[info] >  Error: Function timed out. {"user":"Error: Function timed out.\r","metadata":{"emulator":{"name":"functions"},"function":{"name":"api"},"message":"\u001b[90m> \u001b[39m Error: Function timed out.\r"}}
[info] >      at Timeout._onTimeout (E:\web-tech\amazon-clone\amazon-clone\node_modules\firebase-tools\lib\emulator\functionsEmulatorRuntime.js:638:19) {"user":"    at Timeout._onTimeout (E:\\web-tech\\amazon-clone\\amazon-clone\\node_modules\\firebase-tools\\lib\\emulator\\functionsEmulatorRuntime.js:638:19)\r","metadata":{"emulator":{"name":"functions"},"function":{"name":"api"},"message":"\u001b[90m> \u001b[39m     at Timeout._onTimeout (E:\\web-tech\\amazon-clone\\amazon-clone\\node_modules\\firebase-tools\\lib\\emulator\\functionsEmulatorRuntime.js:638:19)\r"}}
[info] >      at listOnTimeout (internal/timers.js:549:17) {"user":"    at listOnTimeout (internal/timers.js:549:17)\r","metadata":{"emulator":{"name":"functions"},"function":{"name":"api"},"message":"\u001b[90m> \u001b[39m     at listOnTimeout (internal/timers.js:549:17)\r"}}
[info] >      at processTimers (internal/timers.js:492:7) {"user":"    at processTimers (internal/timers.js:492:7)\r","metadata":{"emulator":{"name":"functions"},"function":{"name":"api"},"message":"\u001b[90m> \u001b[39m     at processTimers (internal/timers.js:492:7)\r"}}
[debug] [2021-02-11T10:20:27.968Z] [worker-api-a3fd2a74-e70b-495f-84fb-9e08692bf7c4]: exited {"metadata":{"emulator":{"name":"functions"},"message":"[worker-api-a3fd2a74-e70b-495f-84fb-9e08692bf7c4]: exited"}}
[debug] [2021-02-11T10:20:27.969Z] [worker-api-a3fd2a74-e70b-495f-84fb-9e08692bf7c4]: FINISHED {"metadata":{"emulator":{"name":"functions"},"message":"[worker-api-a3fd2a74-e70b-495f-84fb-9e08692bf7c4]: FINISHED"}}
[debug] [2021-02-11T10:20:27.969Z] [work-queue] {"queueLength":0,"workRunningCount":0}
